2016-03-17 14:24:51 rg2 Python 2.7.9 generate_user_files
2016-03-17 16:12:31 rg2 Python 2.7.9 login
2016-03-17 16:12:58 rg2 Python 2.7.9 login
2016-03-18 11:20:44 rg2 Python 3.4.3 login
2016-03-18 11:25:51 rg2 Python 3.4.3 login
2016-03-18 11:28:07 rg2 Python 3.4.3 login
2016-03-18 12:04:14 rg2 Python 3.4.3 login
2016-03-18 12:04:42 rg2 Python 3.4.3 login
2016-03-18 12:07:07 rg2 Python 3.4.3 login
2016-03-18 12:08:57 rg2 Python 3.4.3 login
2016-03-18 12:10:28 rg2 Python 3.4.3 login
2016-03-18 13:03:21 rg2 Python 3.4.3 login
2016-03-18 13:06:30 rg2 Python 3.4.3 login
2016-03-18 13:06:51 rg2 Python 3.4.3 login
2016-03-18 13:08:37 rg2 Python 3.4.3 login
2016-03-18 13:46:26 rg2 Python 3.4.3 login
2016-03-18 15:17:19 rg2 Python 3.4.3 login
2016-03-18 15:24:48 rg2 Python 3.4.3 login
2016-03-18 15:30:26 rg2 Python 2.7.6 login
2016-03-21 13:31:59 rg2 Python 2.7.6 login
2016-03-21 13:33:52 rg2 Python 2.7.6 login
2016-03-21 13:34:04 rg2 Python 3.4.3 login
2016-03-21 13:41:59 rg2 Python 3.4.3 login
2016-03-21 14:14:30 rg2 Python 2.7.9 login
2016-03-21 14:19:26 rg2 Python 2.7.9 add_text "-cat:catname" "-text:This is a Test." "-except:\{\{([Tt]emplate:|)[Dd]ocumentation [Ss]ubpage" "-up"
2016-03-21 14:20:05 rg2 Python 2.7.9 add_text "-cat:Pages_with_broken_file_links" "-text:This is a Test." "-except:\{\{([Tt]emplate:|)[Dd]ocumentation [Ss]ubpage" "-up"
2016-04-08 13:55:35 r-1 (unknown) Python 2.7.9 login
2016-04-08 13:56:19 r-1 (unknown) Python 2.7.9 login
2016-04-11 11:27:49 r-1 (unknown) Python 3.4.3 login
2016-04-11 11:28:56 r-1 (unknown) Python 3.4.3 login
2016-04-11 12:19:21 r-1 (unknown) Python 3.4.3 login
2016-04-11 12:20:24 r-1 (unknown) Python 3.4.3 login
2016-04-11 13:11:32 r-1 (unknown) Python 3.4.3 login
2016-04-11 13:11:49 r-1 (unknown) Python 3.4.3 login
